<?xml version="1.0" encoding="UTF-8"?>
<!-- Generated by org.testng.reporters.JUnitReportReporter -->
<testsuite hostname="DESKTOP-76I5297" failures="0" tests="1" name="com.training.sanity.tests.Filterproduct" time="41.797" errors="0" timestamp="2020-01-30T22:02:03 IST" skipped="0">
  <testcase classname="com.training.sanity.tests.Filterproduct" name="validLoginTest" time="41.797"/>
</testsuite> <!-- com.training.sanity.tests.Filterproduct -->
