<?xml version="1.0" encoding="UTF-8"?>
<!-- Generated by org.testng.reporters.JUnitReportReporter -->
<testsuite hostname="DESKTOP-76I5297" failures="0" tests="1" name="com.training.sanity.tests.Checkbox" time="29.380" errors="0" timestamp="2020-01-29T18:14:47 IST" skipped="0">
  <testcase classname="com.training.sanity.tests.Checkbox" name="validLoginTest" time="29.380"/>
</testsuite> <!-- com.training.sanity.tests.Checkbox -->
