<?xml version="1.0" encoding="UTF-8"?>
<!-- Generated by org.testng.reporters.JUnitReportReporter -->
<testsuite hostname="DESKTOP-76I5297" failures="0" tests="1" name="com.training.sanity.tests.Clickcatlog" time="35.855" errors="0" timestamp="2020-01-29T15:39:47 IST" skipped="0">
  <testcase classname="com.training.sanity.tests.Clickcatlog" name="validLoginTest" time="35.855"/>
</testsuite> <!-- com.training.sanity.tests.Clickcatlog -->
