<?xml version="1.0" encoding="UTF-8"?>
<!-- Generated by org.testng.reporters.JUnitReportReporter -->
<testsuite hostname="DESKTOP-76I5297" failures="0" tests="1" name="com.training.sanity.tests.LoginAdmin" time="21.784" errors="0" timestamp="2020-01-29T11:49:51 IST" skipped="0">
  <testcase classname="com.training.sanity.tests.LoginAdmin" name="validLoginTest" time="21.784"/>
</testsuite> <!-- com.training.sanity.tests.LoginAdmin -->
