<?xml version="1.0" encoding="UTF-8"?>
<!-- Generated by org.testng.reporters.JUnitReportReporter -->
<testsuite hostname="DESKTOP-76I5297" failures="0" tests="1" name="com.training.sanity.tests.Earring" time="67.874" errors="0" timestamp="2020-01-30T15:48:23 IST" skipped="0">
  <testcase classname="com.training.sanity.tests.Earring" name="validLoginTest" time="67.874"/>
</testsuite> <!-- com.training.sanity.tests.Earring -->
