<?xml version="1.0" encoding="UTF-8"?>
<!-- Generated by org.testng.reporters.JUnitReportReporter -->
<testsuite hostname="DESKTOP-76I5297" failures="0" tests="1" name="com.training.sanity.tests.Filterproduct" time="39.581" errors="0" timestamp="2020-01-29T22:48:03 IST" skipped="0">
  <testcase classname="com.training.sanity.tests.Filterproduct" name="validLoginTest" time="39.581"/>
</testsuite> <!-- com.training.sanity.tests.Filterproduct -->
